# JRE version: Java(TM) SE Runtime Environment (10.0.2+13) (build 10.0.2+13)
# Java VM: Java HotSpot(TM) 64-Bit Server VM (10.0.2+13, mixed mode, tiered, compressed oops, g1 gc, windows-amd64)
Heap:
 garbage-first heap   total 272384K, used 257703K [0x00000006c2600000, 0x00000007c0000000)
  region size 1024K, 3 young (3072K), 2 survivors (2048K)
 Metaspace       used 29876K, capacity 30757K, committed 31280K, reserved 1077248K
  class space    used 3644K, capacity 4076K, committed 4144K, reserved 1048576K
GC Heap History (10 events):
Event: 3264.387 GC heap before
{Heap before GC invocations=344 (full 0):
 garbage-first heap   total 271360K, used 267879K [0x00000006c2600000, 0x00000007c0000000)
  region size 1024K, 13 young (13312K), 2 survivors (2048K)
 Metaspace       used 29876K, capacity 30757K, committed 31280K, reserved 1077248K
  class space    used 3644K, capacity 4076K, committed 4144K, reserved 1048576K
}
Event: 3264.388 GC heap after
{Heap after GC invocations=345 (full 0):
 garbage-first heap   total 271360K, used 256898K [0x00000006c2600000, 0x00000007c0000000)
  region size 1024K, 2 young (2048K), 2 survivors (2048K)
 Metaspace       used 29876K, capacity 30757K, committed 31280K, reserved 1077248K
  class space    used 3644K, capacity 4076K, committed 4144K, reserved 1048576K
}
Event: 3265.149 GC heap before
{Heap before GC invocations=345 (full 0):
 garbage-first heap   total 271360K, used 268162K [0x00000006c2600000, 0x00000007c0000000)
  region size 1024K, 13 young (13312K), 2 survivors (2048K)
 Metaspace       used 29876K, capacity 30757K, committed 31280K, reserved 1077248K
  class space    used 3644K, capacity 4076K, committed 4144K, reserved 1048576K
}
Event: 3265.151 GC heap after
{Heap after GC invocations=346 (full 0):
 garbage-first heap   total 272384K, used 256875K [0x00000006c2600000, 0x00000007c0000000)
  region size 1024K, 2 young (2048K), 2 survivors (2048K)
 Metaspace       used 29876K, capacity 30757K, committed 31280K, reserved 1077248K
  class space    used 3644K, capacity 4076K, committed 4144K, reserved 1048576K
}
Event: 3269.760 GC heap before
{Heap before GC invocations=346 (full 0):
 garbage-first heap   total 272384K, used 268139K [0x00000006c2600000, 0x00000007c0000000)
  region size 1024K, 13 young (13312K), 2 survivors (2048K)
 Metaspace       used 29876K, capacity 30757K, committed 31280K, reserved 1077248K
  class space    used 3644K, capacity 4076K, committed 4144K, reserved 1048576K
}
Event: 3269.762 GC heap after
{Heap after GC invocations=347 (full 0):
 garbage-first heap   total 272384K, used 257448K [0x00000006c2600000, 0x00000007c0000000)
  region size 1024K, 2 young (2048K), 2 survivors (2048K)
 Metaspace       used 29876K, capacity 30757K, committed 31280K, reserved 1077248K
  class space    used 3644K, capacity 4076K, committed 4144K, reserved 1048576K
}
Event: 3274.542 GC heap before
{Heap before GC invocations=348 (full 0):
 garbage-first heap   total 272384K, used 268712K [0x00000006c2600000, 0x00000007c0000000)
  region size 1024K, 13 young (13312K), 2 survivors (2048K)
 Metaspace       used 29876K, capacity 30757K, committed 31280K, reserved 1077248K
  class space    used 3644K, capacity 4076K, committed 4144K, reserved 1048576K
}
Event: 3274.543 GC heap after
{Heap after GC invocations=349 (full 0):
 garbage-first heap   total 272384K, used 257742K [0x00000006c2600000, 0x00000007c0000000)
  region size 1024K, 2 young (2048K), 2 survivors (2048K)
 Metaspace       used 29876K, capacity 30757K, committed 31280K, reserved 1077248K
  class space    used 3644K, capacity 4076K, committed 4144K, reserved 1048576K
}
Event: 3275.474 GC heap before
{Heap before GC invocations=349 (full 0):
 garbage-first heap   total 272384K, used 269006K [0x00000006c2600000, 0x00000007c0000000)
  region size 1024K, 13 young (13312K), 2 survivors (2048K)
 Metaspace       used 29876K, capacity 30757K, committed 31280K, reserved 1077248K
  class space    used 3644K, capacity 4076K, committed 4144K, reserved 1048576K
}
Event: 3275.475 GC heap after
{Heap after GC invocations=350 (full 0):
 garbage-first heap   total 272384K, used 257703K [0x00000006c2600000, 0x00000007c0000000)
  region size 1024K, 2 young (2048K), 2 survivors (2048K)
 Metaspace       used 29876K, capacity 30757K, committed 31280K, reserved 1077248K
  class space    used 3644K, capacity 4076K, committed 4144K, reserved 1048576K
}

